Logfile initialized
[INFO] logfile = /Users/lpaulger/Documents/Titanium Studio Workspace/gitTogether/build.log
[DEBUG] /Users/lpaulger/Library/Application Support/Titanium/mobilesdk/osx/2.0.1.GA2/android/builder.py simulator gitTogether /Users/lpaulger/Documents/Android /Users/lpaulger/Documents/Titanium Studio Workspace/gitTogether com.lpprojects.gitTogether 17 WVGA854 
[INFO] Building gitTogether for Android ... one moment
[INFO] Titanium SDK version: 2.0.1 (04/12/12 16:33 999c68a)
[DEBUG] Waiting for device to be ready ...
[TRACE] adb devices returned 0 devices/emulators
[TRACE] adb devices returned 1 devices/emulators
[TRACE] adb devices returned 1 devices/emulators
[TRACE] adb devices returned 1 devices/emulators
[TRACE] adb devices returned 1 devices/emulators
[TRACE] adb devices returned 1 devices/emulators
[TRACE] adb devices returned 1 devices/emulators
[TRACE] adb devices returned 1 devices/emulators
[TRACE] adb devices returned 1 devices/emulators
[TRACE] adb devices returned 1 devices/emulators
[DEBUG] Device connected... (waited 45 seconds)
[DEBUG] waited 45.255408 seconds on emulator to get ready
[INFO] Waiting for the Android Emulator to become available
[DEBUG] com.lpprojects.gitTogether installed? False
[INFO] Fastdev server running, deploying in Fastdev mode
[INFO] Copying CommonJS modules...
[INFO] Copying project resources..
[INFO] Detected change in tiapp.xml, or assets deleted. Forcing full re-build...
[TRACE] COPYING CREATED FILE: /Users/lpaulger/Documents/Titanium Studio Workspace/gitTogether/Resources/android/appicon.png => /Users/lpaulger/Documents/Titanium Studio Workspace/gitTogether/build/android/bin/assets/Resources/appicon.png
[TRACE] COPYING CREATED FILE: /Users/lpaulger/Documents/Titanium Studio Workspace/gitTogether/Resources/android/default.png => /Users/lpaulger/Documents/Titanium Studio Workspace/gitTogether/build/android/bin/assets/Resources/default.png
[TRACE] COPYING CREATED FILE: /Users/lpaulger/Documents/Titanium Studio Workspace/gitTogether/Resources/app.js => /Users/lpaulger/Documents/Titanium Studio Workspace/gitTogether/build/android/bin/assets/Resources/app.js
[TRACE] COPYING CREATED FILE: /Users/lpaulger/Documents/Titanium Studio Workspace/gitTogether/Resources/data/db.js => /Users/lpaulger/Documents/Titanium Studio Workspace/gitTogether/build/android/bin/assets/Resources/data/db.js
[TRACE] COPYING CREATED FILE: /Users/lpaulger/Documents/Titanium Studio Workspace/gitTogether/Resources/data/webService.js => /Users/lpaulger/Documents/Titanium Studio Workspace/gitTogether/build/android/bin/assets/Resources/data/webService.js
[TRACE] COPYING CREATED FILE: /Users/lpaulger/Documents/Titanium Studio Workspace/gitTogether/Resources/images/KS_nav_ui.png => /Users/lpaulger/Documents/Titanium Studio Workspace/gitTogether/build/android/bin/assets/Resources/images/KS_nav_ui.png
[TRACE] COPYING CREATED FILE: /Users/lpaulger/Documents/Titanium Studio Workspace/gitTogether/Resources/images/KS_nav_views.png => /Users/lpaulger/Documents/Titanium Studio Workspace/gitTogether/build/android/bin/assets/Resources/images/KS_nav_views.png
[TRACE] COPYING CREATED FILE: /Users/lpaulger/Documents/Titanium Studio Workspace/gitTogether/Resources/KS_nav_ui.png => /Users/lpaulger/Documents/Titanium Studio Workspace/gitTogether/build/android/bin/assets/Resources/KS_nav_ui.png
[TRACE] COPYING CREATED FILE: /Users/lpaulger/Documents/Titanium Studio Workspace/gitTogether/Resources/KS_nav_views.png => /Users/lpaulger/Documents/Titanium Studio Workspace/gitTogether/build/android/bin/assets/Resources/KS_nav_views.png
[TRACE] COPYING CREATED FILE: /Users/lpaulger/Documents/Titanium Studio Workspace/gitTogether/Resources/lib/basic_authentication.js => /Users/lpaulger/Documents/Titanium Studio Workspace/gitTogether/build/android/bin/assets/Resources/lib/basic_authentication.js
[TRACE] COPYING CREATED FILE: /Users/lpaulger/Documents/Titanium Studio Workspace/gitTogether/Resources/lib/external/jsOAuth-1.3.3.min.js => /Users/lpaulger/Documents/Titanium Studio Workspace/gitTogether/build/android/bin/assets/Resources/lib/external/jsOAuth-1.3.3.min.js
[TRACE] COPYING CREATED FILE: /Users/lpaulger/Documents/Titanium Studio Workspace/gitTogether/Resources/lib/external/oauth.js => /Users/lpaulger/Documents/Titanium Studio Workspace/gitTogether/build/android/bin/assets/Resources/lib/external/oauth.js
[TRACE] COPYING CREATED FILE: /Users/lpaulger/Documents/Titanium Studio Workspace/gitTogether/Resources/lib/external/oauth_adapter.js => /Users/lpaulger/Documents/Titanium Studio Workspace/gitTogether/build/android/bin/assets/Resources/lib/external/oauth_adapter.js
[TRACE] COPYING CREATED FILE: /Users/lpaulger/Documents/Titanium Studio Workspace/gitTogether/Resources/lib/external/sha1.js => /Users/lpaulger/Documents/Titanium Studio Workspace/gitTogether/build/android/bin/assets/Resources/lib/external/sha1.js
[TRACE] COPYING CREATED FILE: /Users/lpaulger/Documents/Titanium Studio Workspace/gitTogether/Resources/lib/github/users/events.js => /Users/lpaulger/Documents/Titanium Studio Workspace/gitTogether/build/android/bin/assets/Resources/lib/github/users/events.js
[TRACE] COPYING CREATED FILE: /Users/lpaulger/Documents/Titanium Studio Workspace/gitTogether/Resources/logic/authentication_logic.js => /Users/lpaulger/Documents/Titanium Studio Workspace/gitTogether/build/android/bin/assets/Resources/logic/authentication_logic.js
[TRACE] COPYING CREATED FILE: /Users/lpaulger/Documents/Titanium Studio Workspace/gitTogether/Resources/logic/repo_logic.js => /Users/lpaulger/Documents/Titanium Studio Workspace/gitTogether/build/android/bin/assets/Resources/logic/repo_logic.js
[TRACE] COPYING CREATED FILE: /Users/lpaulger/Documents/Titanium Studio Workspace/gitTogether/Resources/logic/users_logic.js => /Users/lpaulger/Documents/Titanium Studio Workspace/gitTogether/build/android/bin/assets/Resources/logic/users_logic.js
[TRACE] COPYING CREATED FILE: /Users/lpaulger/Documents/Titanium Studio Workspace/gitTogether/Resources/ui/common/ApplicationTabGroup.js => /Users/lpaulger/Documents/Titanium Studio Workspace/gitTogether/build/android/bin/assets/Resources/ui/common/ApplicationTabGroup.js
[TRACE] COPYING CREATED FILE: /Users/lpaulger/Documents/Titanium Studio Workspace/gitTogether/Resources/ui/handheld/ApplicationWindow/ApplicationWindow.js => /Users/lpaulger/Documents/Titanium Studio Workspace/gitTogether/build/android/bin/assets/Resources/ui/handheld/ApplicationWindow/ApplicationWindow.js
[TRACE] COPYING CREATED FILE: /Users/lpaulger/Documents/Titanium Studio Workspace/gitTogether/Resources/ui/handheld/ApplicationWindow/components/picker.js => /Users/lpaulger/Documents/Titanium Studio Workspace/gitTogether/build/android/bin/assets/Resources/ui/handheld/ApplicationWindow/components/picker.js
[TRACE] COPYING CREATED FILE: /Users/lpaulger/Documents/Titanium Studio Workspace/gitTogether/Resources/ui/handheld/DefaultEventsWindow.js => /Users/lpaulger/Documents/Titanium Studio Workspace/gitTogether/build/android/bin/assets/Resources/ui/handheld/DefaultEventsWindow.js
[TRACE] COPYING CREATED FILE: /Users/lpaulger/Documents/Titanium Studio Workspace/gitTogether/Resources/ui/handheld/HandheldApplication.js => /Users/lpaulger/Documents/Titanium Studio Workspace/gitTogether/build/android/bin/assets/Resources/ui/handheld/HandheldApplication.js
[TRACE] COPYING CREATED FILE: /Users/lpaulger/Documents/Titanium Studio Workspace/gitTogether/Resources/ui/handheld/LoginWindow.js => /Users/lpaulger/Documents/Titanium Studio Workspace/gitTogether/build/android/bin/assets/Resources/ui/handheld/LoginWindow.js
[TRACE] COPYING CREATED FILE: /Users/lpaulger/Documents/Titanium Studio Workspace/gitTogether/Resources/ui/tablet/ApplicationWindow.js => /Users/lpaulger/Documents/Titanium Studio Workspace/gitTogether/build/android/bin/assets/Resources/ui/tablet/ApplicationWindow.js
[TRACE] Generating Java Classes
[DEBUG] Processing Android resource drawables
[TRACE] COPYING FILE: /Users/lpaulger/Documents/Titanium Studio Workspace/gitTogether/Resources/android/images/res-long-land-hdpi/default.png => /Users/lpaulger/Documents/Titanium Studio Workspace/gitTogether/build/android/res/drawable-long-land-hdpi/default_d44e27d97b.png
[TRACE] COPYING FILE: /Users/lpaulger/Documents/Titanium Studio Workspace/gitTogether/Resources/android/images/res-long-land-ldpi/default.png => /Users/lpaulger/Documents/Titanium Studio Workspace/gitTogether/build/android/res/drawable-long-land-ldpi/default_d44e27d97b.png
[TRACE] COPYING FILE: /Users/lpaulger/Documents/Titanium Studio Workspace/gitTogether/Resources/android/images/res-long-port-hdpi/default.png => /Users/lpaulger/Documents/Titanium Studio Workspace/gitTogether/build/android/res/drawable-long-port-hdpi/default_d44e27d97b.png
[TRACE] COPYING FILE: /Users/lpaulger/Documents/Titanium Studio Workspace/gitTogether/Resources/android/images/res-long-port-ldpi/default.png => /Users/lpaulger/Documents/Titanium Studio Workspace/gitTogether/build/android/res/drawable-long-port-ldpi/default_d44e27d97b.png
[TRACE] COPYING FILE: /Users/lpaulger/Documents/Titanium Studio Workspace/gitTogether/Resources/android/images/res-notlong-land-hdpi/default.png => /Users/lpaulger/Documents/Titanium Studio Workspace/gitTogether/build/android/res/drawable-notlong-land-hdpi/default_d44e27d97b.png
[TRACE] COPYING FILE: /Users/lpaulger/Documents/Titanium Studio Workspace/gitTogether/Resources/android/images/res-notlong-land-ldpi/default.png => /Users/lpaulger/Documents/Titanium Studio Workspace/gitTogether/build/android/res/drawable-notlong-land-ldpi/default_d44e27d97b.png
[TRACE] COPYING FILE: /Users/lpaulger/Documents/Titanium Studio Workspace/gitTogether/Resources/android/images/res-notlong-land-mdpi/default.png => /Users/lpaulger/Documents/Titanium Studio Workspace/gitTogether/build/android/res/drawable-notlong-land-mdpi/default_d44e27d97b.png
[TRACE] COPYING FILE: /Users/lpaulger/Documents/Titanium Studio Workspace/gitTogether/Resources/android/images/res-notlong-port-hdpi/default.png => /Users/lpaulger/Documents/Titanium Studio Workspace/gitTogether/build/android/res/drawable-notlong-port-hdpi/default_d44e27d97b.png
[TRACE] COPYING FILE: /Users/lpaulger/Documents/Titanium Studio Workspace/gitTogether/Resources/android/images/res-notlong-port-ldpi/default.png => /Users/lpaulger/Documents/Titanium Studio Workspace/gitTogether/build/android/res/drawable-notlong-port-ldpi/default_d44e27d97b.png
[TRACE] COPYING FILE: /Users/lpaulger/Documents/Titanium Studio Workspace/gitTogether/Resources/android/images/res-notlong-port-mdpi/default.png => /Users/lpaulger/Documents/Titanium Studio Workspace/gitTogether/build/android/res/drawable-notlong-port-mdpi/default_d44e27d97b.png
[DEBUG] app stylesheet => /Users/lpaulger/Documents/Titanium Studio Workspace/gitTogether/build/android/gen/com/lpprojects/gitTogether/ApplicationStylesheet.java
[DEBUG] copying app icon: /Users/lpaulger/Documents/Titanium Studio Workspace/gitTogether/build/android/bin/assets/Resources/appicon.png
[DEBUG] generating theme.xml
[DEBUG] found drawable-long-land-hdpi splash screen at /Users/lpaulger/Documents/Titanium Studio Workspace/gitTogether/Resources/android/images/res-long-land-hdpi/default.png
[DEBUG] copying /Users/lpaulger/Documents/Titanium Studio Workspace/gitTogether/Resources/android/images/res-long-land-hdpi/default.png splash screen to /Users/lpaulger/Documents/Titanium Studio Workspace/gitTogether/build/android/res/drawable-long-land-hdpi/background.png
[DEBUG] found drawable-long-land-ldpi splash screen at /Users/lpaulger/Documents/Titanium Studio Workspace/gitTogether/Resources/android/images/res-long-land-ldpi/default.png
[DEBUG] copying /Users/lpaulger/Documents/Titanium Studio Workspace/gitTogether/Resources/android/images/res-long-land-ldpi/default.png splash screen to /Users/lpaulger/Documents/Titanium Studio Workspace/gitTogether/build/android/res/drawable-long-land-ldpi/background.png
[DEBUG] found drawable-long-port-hdpi splash screen at /Users/lpaulger/Documents/Titanium Studio Workspace/gitTogether/Resources/android/images/res-long-port-hdpi/default.png
[DEBUG] copying /Users/lpaulger/Documents/Titanium Studio Workspace/gitTogether/Resources/android/images/res-long-port-hdpi/default.png splash screen to /Users/lpaulger/Documents/Titanium Studio Workspace/gitTogether/build/android/res/drawable-long-port-hdpi/background.png
[DEBUG] found drawable-long-port-ldpi splash screen at /Users/lpaulger/Documents/Titanium Studio Workspace/gitTogether/Resources/android/images/res-long-port-ldpi/default.png
[DEBUG] copying /Users/lpaulger/Documents/Titanium Studio Workspace/gitTogether/Resources/android/images/res-long-port-ldpi/default.png splash screen to /Users/lpaulger/Documents/Titanium Studio Workspace/gitTogether/build/android/res/drawable-long-port-ldpi/background.png
[DEBUG] found drawable-notlong-land-hdpi splash screen at /Users/lpaulger/Documents/Titanium Studio Workspace/gitTogether/Resources/android/images/res-notlong-land-hdpi/default.png
[DEBUG] copying /Users/lpaulger/Documents/Titanium Studio Workspace/gitTogether/Resources/android/images/res-notlong-land-hdpi/default.png splash screen to /Users/lpaulger/Documents/Titanium Studio Workspace/gitTogether/build/android/res/drawable-notlong-land-hdpi/background.png
[DEBUG] found drawable-notlong-land-ldpi splash screen at /Users/lpaulger/Documents/Titanium Studio Workspace/gitTogether/Resources/android/images/res-notlong-land-ldpi/default.png
[DEBUG] copying /Users/lpaulger/Documents/Titanium Studio Workspace/gitTogether/Resources/android/images/res-notlong-land-ldpi/default.png splash screen to /Users/lpaulger/Documents/Titanium Studio Workspace/gitTogether/build/android/res/drawable-notlong-land-ldpi/background.png
[DEBUG] found drawable-notlong-land-mdpi splash screen at /Users/lpaulger/Documents/Titanium Studio Workspace/gitTogether/Resources/android/images/res-notlong-land-mdpi/default.png
[DEBUG] copying /Users/lpaulger/Documents/Titanium Studio Workspace/gitTogether/Resources/android/images/res-notlong-land-mdpi/default.png splash screen to /Users/lpaulger/Documents/Titanium Studio Workspace/gitTogether/build/android/res/drawable-notlong-land-mdpi/background.png
[DEBUG] found drawable-notlong-port-hdpi splash screen at /Users/lpaulger/Documents/Titanium Studio Workspace/gitTogether/Resources/android/images/res-notlong-port-hdpi/default.png
[DEBUG] copying /Users/lpaulger/Documents/Titanium Studio Workspace/gitTogether/Resources/android/images/res-notlong-port-hdpi/default.png splash screen to /Users/lpaulger/Documents/Titanium Studio Workspace/gitTogether/build/android/res/drawable-notlong-port-hdpi/background.png
[DEBUG] found drawable-notlong-port-ldpi splash screen at /Users/lpaulger/Documents/Titanium Studio Workspace/gitTogether/Resources/android/images/res-notlong-port-ldpi/default.png
[DEBUG] copying /Users/lpaulger/Documents/Titanium Studio Workspace/gitTogether/Resources/android/images/res-notlong-port-ldpi/default.png splash screen to /Users/lpaulger/Documents/Titanium Studio Workspace/gitTogether/build/android/res/drawable-notlong-port-ldpi/background.png
[DEBUG] found drawable-notlong-port-mdpi splash screen at /Users/lpaulger/Documents/Titanium Studio Workspace/gitTogether/Resources/android/images/res-notlong-port-mdpi/default.png
[DEBUG] copying /Users/lpaulger/Documents/Titanium Studio Workspace/gitTogether/Resources/android/images/res-notlong-port-mdpi/default.png splash screen to /Users/lpaulger/Documents/Titanium Studio Workspace/gitTogether/build/android/res/drawable-notlong-port-mdpi/background.png
[DEBUG] found splash screen at /Users/lpaulger/Documents/Titanium Studio Workspace/gitTogether/build/android/bin/assets/Resources/default.png
[TRACE] Writing out AndroidManifest.xml
[DEBUG] adding /Users/lpaulger/Documents/Titanium Studio Workspace/gitTogether/build/android/gen/com/lpprojects/gitTogether/ApplicationStylesheet.java to javac build list
[DEBUG] adding /Users/lpaulger/Documents/Titanium Studio Workspace/gitTogether/build/android/gen/com/lpprojects/gitTogether/GittogetherActivity.java to javac build list
[DEBUG] adding /Users/lpaulger/Documents/Titanium Studio Workspace/gitTogether/build/android/gen/com/lpprojects/gitTogether/GittogetherAppInfo.java to javac build list
[DEBUG] adding /Users/lpaulger/Documents/Titanium Studio Workspace/gitTogether/build/android/gen/com/lpprojects/gitTogether/GittogetherApplication.java to javac build list
[DEBUG] adding /Users/lpaulger/Documents/Titanium Studio Workspace/gitTogether/build/android/gen/com/lpprojects/gitTogether/R.java to javac build list
[DEBUG] Building Java Sources: "/Users/lpaulger/Documents/Titanium Studio Workspace/gitTogether/build/android/gen/com/lpprojects/gitTogether/ApplicationStylesheet.java" "/Users/lpaulger/Documents/Titanium Studio Workspace/gitTogether/build/android/gen/com/lpprojects/gitTogether/GittogetherActivity.java" "/Users/lpaulger/Documents/Titanium Studio Workspace/gitTogether/build/android/gen/com/lpprojects/gitTogether/GittogetherAppInfo.java" "/Users/lpaulger/Documents/Titanium Studio Workspace/gitTogether/build/android/gen/com/lpprojects/gitTogether/GittogetherApplication.java" "/Users/lpaulger/Documents/Titanium Studio Workspace/gitTogether/build/android/gen/com/lpprojects/gitTogether/R.java"
[INFO] Waiting for SDCard to become available..
[INFO] Compiling Android Resources... This could take some time
[DEBUG] Android classes.dex built
[DEBUG] creating unsigned apk: /Users/lpaulger/Documents/Titanium Studio Workspace/gitTogether/build/android/bin/app-unsigned.apk
[DEBUG] from resource zip => assets/Resources/data/db.js
[DEBUG] from resource zip => assets/Resources/data/webService.js
[DEBUG] from resource zip => assets/Resources/images/KS_nav_ui.png
[DEBUG] from resource zip => assets/Resources/images/KS_nav_views.png
[DEBUG] from resource zip => assets/Resources/lib/external/jsOAuth-1.3.3.min.js
[DEBUG] from resource zip => assets/Resources/lib/external/oauth.js
[DEBUG] from resource zip => assets/Resources/lib/external/oauth_adapter.js
[DEBUG] from resource zip => assets/Resources/lib/external/sha1.js
[DEBUG] from resource zip => assets/Resources/lib/github/users/events.js
[DEBUG] from resource zip => assets/Resources/lib/basic_authentication.js
[DEBUG] from resource zip => assets/Resources/logic/authentication_logic.js
[DEBUG] from resource zip => assets/Resources/logic/repo_logic.js
[DEBUG] from resource zip => assets/Resources/logic/users_logic.js
[DEBUG] from resource zip => assets/Resources/ui/common/ApplicationTabGroup.js
[DEBUG] from resource zip => assets/Resources/ui/handheld/ApplicationWindow/components/picker.js
[DEBUG] from resource zip => assets/Resources/ui/handheld/ApplicationWindow/ApplicationWindow.js
[DEBUG] from resource zip => assets/Resources/ui/handheld/DefaultEventsWindow.js
[DEBUG] from resource zip => assets/Resources/ui/handheld/HandheldApplication.js
[DEBUG] from resource zip => assets/Resources/ui/handheld/LoginWindow.js
[DEBUG] from resource zip => assets/Resources/ui/tablet/ApplicationWindow.js
[DEBUG] from resource zip => assets/Resources/KS_nav_ui.png
[DEBUG] from resource zip => assets/Resources/KS_nav_views.png
[DEBUG] from resource zip => assets/Resources/app.js
[DEBUG] from resource zip => assets/Resources/appicon.png
[DEBUG] from resource zip => assets/Resources/default.png
[DEBUG] from resource zip => assets/Resources/ti.cloud.js
[DEBUG] from resource zip => assets/app.json
[DEBUG] from resource zip => assets/index.json
[DEBUG] from resource zip => assets/tiapp.xml
[DEBUG] from resource zip => res/drawable/appicon.png
[DEBUG] from resource zip => res/drawable/background.png
[DEBUG] from resource zip => res/drawable/close.png
[DEBUG] from resource zip => res/drawable/facebook_login.png
[DEBUG] from resource zip => res/drawable/facebook_login_down.png
[DEBUG] from resource zip => res/drawable/facebook_login_wide.png
[DEBUG] from resource zip => res/drawable/facebook_login_wide_down.png
[DEBUG] from resource zip => res/drawable/facebook_logout.png
[DEBUG] from resource zip => res/drawable/facebook_logout_down.png
[DEBUG] from resource zip => res/layout/titanium_tabgroup.xml
[DEBUG] from resource zip => AndroidManifest.xml
[DEBUG] from resource zip => resources.arsc
[DEBUG] from resource zip => res/drawable-hdpi/close.png
[DEBUG] from resource zip => res/drawable-ldpi/close.png
[DEBUG] from resource zip => res/drawable-long-land-hdpi/background.png
[DEBUG] from resource zip => res/drawable-long-land-hdpi/default_d44e27d97b.png
[DEBUG] from resource zip => res/drawable-long-land-ldpi/background.png
[DEBUG] from resource zip => res/drawable-long-land-ldpi/default_d44e27d97b.png
[DEBUG] from resource zip => res/drawable-long-port-hdpi/background.png
[DEBUG] from resource zip => res/drawable-long-port-hdpi/default_d44e27d97b.png
[DEBUG] from resource zip => res/drawable-long-port-ldpi/background.png
[DEBUG] from resource zip => res/drawable-long-port-ldpi/default_d44e27d97b.png
[DEBUG] from resource zip => res/drawable-notlong-land-hdpi/background.png
[DEBUG] from resource zip => res/drawable-notlong-land-hdpi/default_d44e27d97b.png
[DEBUG] from resource zip => res/drawable-notlong-land-ldpi/background.png
[DEBUG] from resource zip => res/drawable-notlong-land-ldpi/default_d44e27d97b.png
[DEBUG] from resource zip => res/drawable-notlong-land-mdpi/background.png
[DEBUG] from resource zip => res/drawable-notlong-land-mdpi/default_d44e27d97b.png
[DEBUG] from resource zip => res/drawable-notlong-port-hdpi/background.png
[DEBUG] from resource zip => res/drawable-notlong-port-hdpi/default_d44e27d97b.png
[DEBUG] from resource zip => res/drawable-notlong-port-ldpi/background.png
[DEBUG] from resource zip => res/drawable-notlong-port-ldpi/default_d44e27d97b.png
[DEBUG] from resource zip => res/drawable-notlong-port-mdpi/background.png
[DEBUG] from resource zip => res/drawable-notlong-port-mdpi/default_d44e27d97b.png
[DEBUG] from JAR /Users/lpaulger/Library/Application Support/Titanium/mobilesdk/osx/2.0.1.GA2/android/thirdparty.jar => org/apache/Commons-NOTICE.txt
[DEBUG] from JAR /Users/lpaulger/Library/Application Support/Titanium/mobilesdk/osx/2.0.1.GA2/android/thirdparty.jar => org/apache/HttpComponents-NOTICE.txt
[DEBUG] from JAR /Users/lpaulger/Library/Application Support/Titanium/mobilesdk/osx/2.0.1.GA2/android/thirdparty.jar => org/apache/mime4j-NOTICE.txt
[DEBUG] from JAR /Users/lpaulger/Library/Application Support/Titanium/mobilesdk/osx/2.0.1.GA2/android/titanium.jar => org/appcelerator/titanium/build.properties
[DEBUG] from JAR /Users/lpaulger/Library/Application Support/Titanium/mobilesdk/osx/2.0.1.GA2/android/titanium.jar => org/appcelerator/titanium/res/drawable/background.png
[DEBUG] from JAR /Users/lpaulger/Library/Application Support/Titanium/mobilesdk/osx/2.0.1.GA2/android/titanium.jar => org/appcelerator/titanium/res/drawable/btn_check_buttonless_on.png
[DEBUG] from JAR /Users/lpaulger/Library/Application Support/Titanium/mobilesdk/osx/2.0.1.GA2/android/titanium.jar => org/appcelerator/titanium/res/drawable/btn_check_buttonless_on_18.png
[DEBUG] from JAR /Users/lpaulger/Library/Application Support/Titanium/mobilesdk/osx/2.0.1.GA2/android/titanium.jar => org/appcelerator/titanium/res/drawable/btn_check_buttonless_on_48.png
[DEBUG] from JAR /Users/lpaulger/Library/Application Support/Titanium/mobilesdk/osx/2.0.1.GA2/android/titanium.jar => org/appcelerator/titanium/res/drawable/btn_more.png
[DEBUG] from JAR /Users/lpaulger/Library/Application Support/Titanium/mobilesdk/osx/2.0.1.GA2/android/titanium.jar => org/appcelerator/titanium/res/drawable/btn_more_18.png
[DEBUG] from JAR /Users/lpaulger/Library/Application Support/Titanium/mobilesdk/osx/2.0.1.GA2/android/titanium.jar => org/appcelerator/titanium/res/drawable/btn_more_48.png
[DEBUG] from JAR /Users/lpaulger/Library/Application Support/Titanium/mobilesdk/osx/2.0.1.GA2/android/titanium.jar => org/appcelerator/titanium/res/drawable/btn_picker_normal.9.png
[DEBUG] from JAR /Users/lpaulger/Library/Application Support/Titanium/mobilesdk/osx/2.0.1.GA2/android/titanium.jar => org/appcelerator/titanium/res/drawable/btn_picker_pressed.9.png
[DEBUG] from JAR /Users/lpaulger/Library/Application Support/Titanium/mobilesdk/osx/2.0.1.GA2/android/titanium.jar => org/appcelerator/titanium/res/drawable/btn_picker_selected.9.png
[DEBUG] from JAR /Users/lpaulger/Library/Application Support/Titanium/mobilesdk/osx/2.0.1.GA2/android/titanium.jar => org/appcelerator/titanium/res/drawable/default_icon.png
[DEBUG] from JAR /Users/lpaulger/Library/Application Support/Titanium/mobilesdk/osx/2.0.1.GA2/android/titanium.jar => org/appcelerator/titanium/res/drawable/photoDefault.png
[DEBUG] from JAR /Users/lpaulger/Library/Application Support/Titanium/mobilesdk/osx/2.0.1.GA2/android/modules/titanium-ui.jar => ti/modules/titanium/ui/widget/webview/binding.js
[DEBUG] from JAR /Users/lpaulger/Library/Application Support/Titanium/mobilesdk/osx/2.0.1.GA2/android/modules/titanium-ui.jar => ti/modules/titanium/ui/widget/webview/binding.min.js
[DEBUG] from JAR /Users/lpaulger/Library/Application Support/Titanium/mobilesdk/osx/2.0.1.GA2/android/modules/titanium-ui.jar => ti/modules/titanium/ui/widget/webview/json2.js
[DEBUG] from JAR /Users/lpaulger/Library/Application Support/Titanium/mobilesdk/osx/2.0.1.GA2/android/modules/titanium-facebook.jar => ti/modules/titanium/facebook/LICENSE
[DEBUG] installing native SDK libs
[DEBUG] Waiting for device to be ready ...
[TRACE] adb devices returned 1 devices/emulators
[DEBUG] Device connected... (waited 0 seconds)
[DEBUG] waited 0.015841 seconds on emulator to get ready
[INFO] Installing application on emulator
[INFO] Launching application ... gitTogether
[TRACE] Launch output: Starting: Intent { act=android.intent.action.MAIN cat=[android.intent.category.LAUNCHER] cmp=com.lpprojects.gitTogether/.GittogetherActivity }

[INFO] Deployed gitTogether ... Application should be running.
[INFO] Android Emulator has exited
